<?xml version="1.0" encoding="UTF-8"?>
<!-- Generated by org.testng.reporters.JUnitXMLReporter -->
<testsuite ignored="0" hostname="AMUGODA-LAP" failures="0" tests="7" name="Default test" time="42.769" errors="0" timestamp="2022-11-16T09:58:45 NZDT">
  <testcase classname="com.test.YouTubeExploreTest" name="navigateToYouTube" time="2.128"/>
  <testcase classname="com.test.YouTubeExploreTest" name="navigateToExplore" time="10.124"/>
  <testcase classname="com.test.YouTubeExploreTest" name="viewSecondVideo" time="15.338"/>
  <testcase classname="com.test.YouTubeExploreTest" name="verifyPageTitle" time="0.006"/>
  <testcase classname="com.test.YouTubeExploreTest" name="verifyVideoID" time="0.059"/>
  <testcase classname="com.test.YouTubeExploreTest" name="searchVideo" time="2.17"/>
  <testcase classname="com.test.YouTubeExploreTest" name="confirmPageURL" time="0.035"/>
</testsuite> <!-- Default test -->
