<?xml version="1.0" encoding="UTF-8"?>
<testng-results ignored="0" total="7" passed="7" failed="0" skipped="0">
  <reporter-output>
  </reporter-output>
  <suite started-at="2022-11-16T10:02:18 NZDT" name="Youtube_explore" finished-at="2022-11-16T10:03:02 NZDT" duration-ms="44143">
    <groups>
    </groups>
    <test started-at="2022-11-16T10:02:18 NZDT" name="userNavigateThroughtheYouTube" finished-at="2022-11-16T10:03:02 NZDT" duration-ms="44143">
      <class name="com.test.YouTubeExploreTest">
        <test-method is-config="true" signature="setup()[pri:0, instance:com.test.YouTubeExploreTest@3bd40a57]" started-at="2022-11-16T10:02:18 NZDT" name="setup" finished-at="2022-11-16T10:02:24 NZDT" duration-ms="5583" status="PASS">
          <reporter-output>
          </reporter-output>
        </test-method> <!-- setup -->
        <test-method signature="navigateToYouTube()[pri:1, instance:com.test.YouTubeExploreTest@3bd40a57]" started-at="2022-11-16T10:02:24 NZDT" name="navigateToYouTube" finished-at="2022-11-16T10:02:26 NZDT" duration-ms="2153" status="PASS">
          <reporter-output>
          </reporter-output>
        </test-method> <!-- navigateToYouTube -->
        <test-method signature="navigateToExplore()[pri:2, instance:com.test.YouTubeExploreTest@3bd40a57]" started-at="2022-11-16T10:02:26 NZDT" name="navigateToExplore" finished-at="2022-11-16T10:02:36 NZDT" duration-ms="10231" status="PASS">
          <reporter-output>
          </reporter-output>
        </test-method> <!-- navigateToExplore -->
        <test-method signature="viewSecondVideo()[pri:3, instance:com.test.YouTubeExploreTest@3bd40a57]" started-at="2022-11-16T10:02:36 NZDT" name="viewSecondVideo" finished-at="2022-11-16T10:02:51 NZDT" duration-ms="15421" status="PASS">
          <reporter-output>
          </reporter-output>
        </test-method> <!-- viewSecondVideo -->
        <test-method signature="verifyPageTitle()[pri:4, instance:com.test.YouTubeExploreTest@3bd40a57]" started-at="2022-11-16T10:02:51 NZDT" name="verifyPageTitle" finished-at="2022-11-16T10:02:51 NZDT" duration-ms="13" status="PASS">
          <reporter-output>
          </reporter-output>
        </test-method> <!-- verifyPageTitle -->
        <test-method signature="verifyVideoID()[pri:5, instance:com.test.YouTubeExploreTest@3bd40a57]" started-at="2022-11-16T10:02:51 NZDT" name="verifyVideoID" finished-at="2022-11-16T10:02:52 NZDT" duration-ms="101" status="PASS">
          <reporter-output>
          </reporter-output>
        </test-method> <!-- verifyVideoID -->
        <test-method signature="searchVideo()[pri:6, instance:com.test.YouTubeExploreTest@3bd40a57]" started-at="2022-11-16T10:02:52 NZDT" name="searchVideo" finished-at="2022-11-16T10:02:55 NZDT" duration-ms="3492" status="PASS">
          <reporter-output>
          </reporter-output>
        </test-method> <!-- searchVideo -->
        <test-method signature="confirmPageURL()[pri:7, instance:com.test.YouTubeExploreTest@3bd40a57]" started-at="2022-11-16T10:02:55 NZDT" name="confirmPageURL" finished-at="2022-11-16T10:02:55 NZDT" duration-ms="44" status="PASS">
          <reporter-output>
          </reporter-output>
        </test-method> <!-- confirmPageURL -->
        <test-method is-config="true" signature="endSession()[pri:0, instance:com.test.YouTubeExploreTest@3bd40a57]" started-at="2022-11-16T10:02:55 NZDT" name="endSession" finished-at="2022-11-16T10:03:02 NZDT" duration-ms="7041" status="FAIL">
          <exception class="org.openqa.selenium.NoSuchWindowException">
            <message>
              <![CDATA[no such window: target window already closed
from unknown error: web view not found
  (Session info: chrome=107.0.5304.107)
Build info: version: '3.141.59', revision: 'e82be7d358', time: '2018-11-14T08:25:48'
System info: host: 'AMUGODA-LAP', ip: '192.168.68.51', os.name: 'Windows 10', os.arch: 'amd64', os.version: '10.0', java.version: '12.0.2'
Driver info: org.openqa.selenium.chrome.ChromeDriver
Capabilities {acceptInsecureCerts: false, browserName: chrome, browserVersion: 107.0.5304.107, chrome: {chromedriverVersion: 107.0.5304.62 (1eec40d3a576..., userDataDir: C:\Users\dinusha.a\AppData\...}, goog:chromeOptions: {debuggerAddress: localhost:49821}, javascriptEnabled: true, networkConnectionEnabled: false, pageLoadStrategy: normal, platform: WINDOWS, platformName: WINDOWS, proxy: Proxy(), setWindowRect: true, strictFileInteractability: false, timeouts: {implicit: 0, pageLoad: 300000, script: 30000}, unhandledPromptBehavior: dismiss and notify, webauthn:extension:credBlob: true, webauthn:extension:largeBlob: true, webauthn:virtualAuthenticators: true}
Session ID: f387fabd585a6fd63681aee564c364d2]]>
            </message>
            <full-stacktrace>
              <![CDATA[org.openqa.selenium.NoSuchWindowException: no such window: target window already closed
from unknown error: web view not found
  (Session info: chrome=107.0.5304.107)
Build info: version: '3.141.59', revision: 'e82be7d358', time: '2018-11-14T08:25:48'
System info: host: 'AMUGODA-LAP', ip: '192.168.68.51', os.name: 'Windows 10', os.arch: 'amd64', os.version: '10.0', java.version: '12.0.2'
Driver info: org.openqa.selenium.chrome.ChromeDriver
Capabilities {acceptInsecureCerts: false, browserName: chrome, browserVersion: 107.0.5304.107, chrome: {chromedriverVersion: 107.0.5304.62 (1eec40d3a576..., userDataDir: C:\Users\dinusha.a\AppData\...}, goog:chromeOptions: {debuggerAddress: localhost:49821}, javascriptEnabled: true, networkConnectionEnabled: false, pageLoadStrategy: normal, platform: WINDOWS, platformName: WINDOWS, proxy: Proxy(), setWindowRect: true, strictFileInteractability: false, timeouts: {implicit: 0, pageLoad: 300000, script: 30000}, unhandledPromptBehavior: dismiss and notify, webauthn:extension:credBlob: true, webauthn:extension:largeBlob: true, webauthn:virtualAuthenticators: true}
Session ID: f387fabd585a6fd63681aee564c364d2
at java.base/jdk.internal.reflect.NativeConstructorAccessorImpl.newInstance0(Native Method)
at java.base/jdk.internal.reflect.NativeConstructorAccessorImpl.newInstance(NativeConstructorAccessorImpl.java:62)
at java.base/jdk.internal.reflect.DelegatingConstructorAccessorImpl.newInstance(DelegatingConstructorAccessorImpl.java:45)
at java.base/java.lang.reflect.Constructor.newInstanceWithCaller(Constructor.java:500)
at java.base/java.lang.reflect.Constructor.newInstance(Constructor.java:481)
at org.openqa.selenium.remote.http.W3CHttpResponseCodec.createException(W3CHttpResponseCodec.java:187)
at org.openqa.selenium.remote.http.W3CHttpResponseCodec.decode(W3CHttpResponseCodec.java:122)
at org.openqa.selenium.remote.http.W3CHttpResponseCodec.decode(W3CHttpResponseCodec.java:49)
at org.openqa.selenium.remote.HttpCommandExecutor.execute(HttpCommandExecutor.java:158)
at org.openqa.selenium.remote.service.DriverCommandExecutor.execute(DriverCommandExecutor.java:83)
at org.openqa.selenium.remote.RemoteWebDriver.execute(RemoteWebDriver.java:552)
at org.openqa.selenium.remote.RemoteWebDriver.execute(RemoteWebDriver.java:609)
at org.openqa.selenium.remote.RemoteWebDriver.close(RemoteWebDriver.java:442)
at com.test.YouTubeExploreTest.endSession(YouTubeExploreTest.java:133)
at java.base/jdk.internal.reflect.NativeMethodAccessorImpl.invoke0(Native Method)
at java.base/jdk.internal.reflect.NativeMethodAccessorImpl.invoke(NativeMethodAccessorImpl.java:62)
at java.base/jdk.internal.reflect.DelegatingMethodAccessorImpl.invoke(DelegatingMethodAccessorImpl.java:43)
at java.base/java.lang.reflect.Method.invoke(Method.java:567)
at org.testng.internal.MethodInvocationHelper.invokeMethod(MethodInvocationHelper.java:133)
at org.testng.internal.MethodInvocationHelper.invokeMethodConsideringTimeout(MethodInvocationHelper.java:62)
at org.testng.internal.ConfigInvoker.invokeConfigurationMethod(ConfigInvoker.java:340)
at org.testng.internal.ConfigInvoker.invokeConfigurations(ConfigInvoker.java:294)
at org.testng.TestRunner.invokeTestConfigurations(TestRunner.java:623)
at org.testng.TestRunner.afterRun(TestRunner.java:853)
at org.testng.TestRunner.run(TestRunner.java:594)
at org.testng.SuiteRunner.runTest(SuiteRunner.java:402)
at org.testng.SuiteRunner.runSequentially(SuiteRunner.java:396)
at org.testng.SuiteRunner.privateRun(SuiteRunner.java:355)
at org.testng.SuiteRunner.run(SuiteRunner.java:304)
at org.testng.SuiteRunnerWorker.runSuite(SuiteRunnerWorker.java:53)
at org.testng.SuiteRunnerWorker.run(SuiteRunnerWorker.java:96)
at org.testng.TestNG.runSuitesSequentially(TestNG.java:1180)
at org.testng.TestNG.runSuitesLocally(TestNG.java:1102)
at org.testng.TestNG.runSuites(TestNG.java:1032)
at org.testng.TestNG.run(TestNG.java:1000)
at org.testng.remote.AbstractRemoteTestNG.run(AbstractRemoteTestNG.java:115)
at org.testng.remote.RemoteTestNG.initAndRun(RemoteTestNG.java:251)
at org.testng.remote.RemoteTestNG.main(RemoteTestNG.java:77)
]]>
            </full-stacktrace>
          </exception> <!-- org.openqa.selenium.NoSuchWindowException -->
          <reporter-output>
          </reporter-output>
        </test-method> <!-- endSession -->
      </class> <!-- com.test.YouTubeExploreTest -->
    </test> <!-- userNavigateThroughtheYouTube -->
  </suite> <!-- Youtube_explore -->
</testng-results>
